2025-07-03 06:52:28,433 - INFO - ==================================================
2025-07-03 06:52:28,434 - INFO - Time Series DAGMM Training
2025-07-03 06:52:28,434 - INFO - ==================================================
2025-07-03 06:52:28,434 - INFO - Configuration:
2025-07-03 06:52:28,434 - INFO -   data_type: synthetic
2025-07-03 06:52:28,434 - INFO -   data_path: None
2025-07-03 06:52:28,434 - INFO -   n_normal: 100
2025-07-03 06:52:28,434 - INFO -   n_anomalous: 25
2025-07-03 06:52:28,434 - INFO -   seq_length_min: 30
2025-07-03 06:52:28,434 - INFO -   seq_length_max: 50
2025-07-03 06:52:28,434 - INFO -   input_dim: 10
2025-07-03 06:52:28,434 - INFO -   test_split: 0.2
2025-07-03 06:52:28,434 - INFO -   normalization: standard
2025-07-03 06:52:28,434 - INFO -   latent_dim: 32
2025-07-03 06:52:28,434 - INFO -   hidden_dim: 64
2025-07-03 06:52:28,434 - INFO -   num_layers: 2
2025-07-03 06:52:28,434 - INFO -   dropout: 0.2
2025-07-03 06:52:28,434 - INFO -   bidirectional: True
2025-07-03 06:52:28,434 - INFO -   n_gmm: 4
2025-07-03 06:52:28,434 - INFO -   batch_size: 16
2025-07-03 06:52:28,434 - INFO -   num_epochs: 5
2025-07-03 06:52:28,434 - INFO -   lr: 0.0001
2025-07-03 06:52:28,434 - INFO -   lambda_energy: 0.1
2025-07-03 06:52:28,434 - INFO -   lambda_cov_diag: 0.005
2025-07-03 06:52:28,434 - INFO -   log_step: 10
2025-07-03 06:52:28,434 - INFO -   model_save_step: 25
2025-07-03 06:52:28,434 - INFO -   experiment_name: timeseries_dagmm
2025-07-03 06:52:28,434 - INFO -   output_dir: ./experiments
2025-07-03 06:52:28,434 - INFO -   mode: train_test
2025-07-03 06:52:28,434 - INFO -   pretrained_model: None
2025-07-03 06:52:28,435 - INFO -   use_cuda: True
2025-07-03 06:52:28,435 - INFO -   seed: 42
2025-07-03 06:52:28,435 - INFO -   num_workers: 0
2025-07-03 06:52:28,435 - INFO -   threshold_percentile: 95
2025-07-03 06:52:28,435 - INFO - ==================================================
2025-07-03 06:52:28,435 - INFO - Creating synthetic dataset...
2025-07-03 06:52:28,485 - INFO - Created synthetic dataset:
2025-07-03 06:52:28,485 - INFO -   Training samples: 100
2025-07-03 06:52:28,485 - INFO -   Test samples: 25
2025-07-03 06:52:30,674 - INFO - TimeSeriesDaGMM Network:
2025-07-03 06:52:30,675 - INFO - Number of trainable parameters: 216,334
2025-07-03 06:52:30,675 - INFO - Starting training...
2025-07-03 06:52:30,675 - INFO - Starting training...
2025-07-03 06:52:30,851 - INFO - Epoch 1 completed. Average loss: 2840.2290
2025-07-03 06:52:30,996 - INFO - Epoch 2 completed. Average loss: 2406.1516
2025-07-03 06:52:31,139 - INFO - Epoch 3 completed. Average loss: 2491.0898
2025-07-03 06:52:31,282 - INFO - Epoch 4 completed. Average loss: 2259.9916
2025-07-03 06:52:31,425 - INFO - Epoch 5 completed. Average loss: 2432.2432
2025-07-03 06:52:31,443 - INFO - Validation - Loss: 13611.0304
2025-07-03 06:52:31,443 - INFO - Training completed!
2025-07-03 06:52:31,538 - INFO - Training curves saved: ./experiments/timeseries_dagmm_20250703_065228/training_curves.png
2025-07-03 06:52:31,538 - INFO - Training completed!
2025-07-03 06:52:31,542 - INFO - Model saved: ./experiments/timeseries_dagmm_20250703_065228/models/epoch_final_timeseries_dagmm.pth
2025-07-03 06:52:31,542 - INFO - Starting testing...
2025-07-03 06:52:31,542 - INFO - Starting testing...
2025-07-03 06:52:31,596 - INFO - Anomaly threshold (percentile 95): -4.2079
2025-07-03 06:52:31,611 - INFO - Test Results:
2025-07-03 06:52:31,611 - INFO - accuracy: 0.5600
2025-07-03 06:52:31,611 - INFO - precision: 0.1429
2025-07-03 06:52:31,612 - INFO - recall: 0.1667
2025-07-03 06:52:31,612 - INFO - f1_score: 0.1538
2025-07-03 06:52:31,612 - INFO - auc: 0.3421
2025-07-03 06:52:31,612 - INFO - threshold: -4.2079
2025-07-03 06:52:32,415 - INFO - Test results plot saved: ./experiments/timeseries_dagmm_20250703_065228/test_results.png
2025-07-03 06:52:32,416 - INFO - Testing completed!
2025-07-03 06:52:32,416 - INFO - Test results saved to: ./experiments/timeseries_dagmm_20250703_065228/test_results.txt
2025-07-03 06:52:32,416 - INFO - Experiment completed successfully!
2025-07-03 06:52:32,416 - INFO - Results saved in: ./experiments/timeseries_dagmm_20250703_065228
